This is pdfTeX, Version 3.1415926-2.3-1.40.12 (TeX Live 2011) (format=pdflatex 2011.7.3)  8 AUG 2013 11:09
entering extended mode
 restricted \write18 enabled.
 %&-line parsing enabled.
**thesis.tex
(./thesis.tex
LaTeX2e <2009/09/24>
Babel <v3.8l> and hyphenation patterns for english, dumylang, nohyphenation, ge
rman-x-2009-06-19, ngerman-x-2009-06-19, afrikaans, ancientgreek, ibycus, arabi
c, armenian, basque, bulgarian, catalan, pinyin, coptic, croatian, czech, danis
h, dutch, ukenglish, usenglishmax, esperanto, estonian, ethiopic, farsi, finnis
h, french, galician, german, ngerman, swissgerman, monogreek, greek, hungarian,
 icelandic, assamese, bengali, gujarati, hindi, kannada, malayalam, marathi, or
iya, panjabi, tamil, telugu, indonesian, interlingua, irish, italian, kurmanji,
 lao, latin, latvian, lithuanian, mongolian, mongolianlmc, bokmal, nynorsk, pol
ish, portuguese, romanian, russian, sanskrit, serbian, serbianc, slovak, sloven
ian, spanish, swedish, turkish, turkmen, ukrainian, uppersorbian, welsh, loaded
.
(/usr/local/texlive/2011/texmf-dist/tex/latex/memoir/memoir.cls
Document Class: memoir 2011/03/06 v3.6j configurable book, report, article docu
ment class
\onelineskip=\skip41
\lxvchars=\skip42
\xlvchars=\skip43
\@memcnta=\count79
\c@@memmarkcntra=\count80
(/usr/local/texlive/2011/texmf-dist/tex/generic/oberdiek/ifpdf.sty
Package: ifpdf 2011/01/30 v2.3 Provides the ifpdf switch (HO)
Package ifpdf Info: pdfTeX in PDF mode is detected.
)
Class memoir Info: An `ifetex' package is being emulated on input line 251.

(/usr/local/texlive/2011/texmf-dist/tex/generic/ifxetex/ifxetex.sty
Package: ifxetex 2010/09/12 v0.6 Provides ifxetex conditional
)
(/usr/local/texlive/2011/texmf-dist/tex/generic/oberdiek/ifluatex.sty
Package: ifluatex 2010/03/01 v1.3 Provides the ifluatex switch (HO)
Package ifluatex Info: LuaTeX not detected.
)
\stockheight=\skip44
\stockwidth=\skip45
\trimtop=\skip46
\trimedge=\skip47

(/usr/local/texlive/2011/texmf-dist/tex/latex/etex-pkg/etex.sty
Package: etex 1998/03/26 v2.0 eTeX basic definition package (PEB)
\et@xins=\count81
)
(/usr/local/texlive/2011/texmf-dist/tex/latex/memoir/mem12.clo
File: mem12.clo 2010/10/19 v0.4b memoir class 12pt size option
)
\binding=\skip48
\spinemargin=\skip49
\foremargin=\skip50
\uppermargin=\skip51
\lowermargin=\skip52
\headdrop=\skip53
\normalrulethickness=\skip54
\mem@maxheadheight=\skip55
\mem@maxfootheight=\skip56
\headwidth=\skip57
\c@storedpagenumber=\count82
\memPD=\dimen102
\m@mabparskip=\skip58
\thanksmarkwidth=\skip59
\thanksmarksep=\skip60
\droptitle=\skip61
\c@book=\count83
\c@part=\count84
\c@chapter=\count85
\c@section=\count86
\c@subsection=\count87
\c@subsubsection=\count88
\c@paragraph=\count89
\c@subparagraph=\count90
\beforechapskip=\skip62
\midchapskip=\skip63
\afterchapskip=\skip64
\chapindent=\skip65
\bottomsectionskip=\skip66
\secindent=\skip67
\beforesecskip=\skip68
\aftersecskip=\skip69
\subsecindent=\skip70
\beforesubsecskip=\skip71
\aftersubsecskip=\skip72
\subsubsecindent=\skip73
\beforesubsubsecskip=\skip74
\aftersubsubsecskip=\skip75
\paraindent=\skip76
\beforeparaskip=\skip77
\afterparaskip=\skip78
\subparaindent=\skip79
\beforesubparaskip=\skip80
\aftersubparaskip=\skip81
\pfbreakskip=\skip82
\c@@ppsavesec=\count91
\c@@ppsaveapp=\count92
\ragrparindent=\dimen103
\everylistparindent=\dimen104
\parsepi=\skip83
\topsepi=\skip84
\itemsepi=\skip85
\parsepii=\skip86
\topsepii=\skip87
\topsepiii=\skip88
\itemsepii=\skip89
\itemsepiii=\skip90
\partopsepii=\skip91
\partopsepiii=\skip92
\m@msavetopsep=\skip93
\m@msavepartopsep=\skip94
\@enLab=\toks14
\abstitleskip=\skip95
\absleftindent=\skip96
\abs@leftindent=\dimen105
\absrightindent=\skip97
\absparindent=\skip98
\absparsep=\skip99
\c@vslineno=\count93
\c@poemline=\count94
\c@modulo@vs=\count95
\c@memfvsline=\count96
\vleftskip=\skip100
\vrightskip=\skip101
\stanzaskip=\skip102
\versewidth=\skip103
\vgap=\skip104
\vindent=\skip105
\vleftmargin=\dimen106
\c@verse=\count97
\c@chrsinstr=\count98
\beforepoemtitleskip=\skip106
\afterpoemtitleskip=\skip107
\c@poem=\count99
\beforePoemTitleskip=\skip108
\midPoemTitleskip=\skip109
\afterPoemTitleskip=\skip110
\col@sep=\dimen107
\extrarowheight=\dimen108
\NC@list=\toks15
\extratabsurround=\skip111
\backup@length=\skip112
\TX@col@width=\dimen109
\TX@old@table=\dimen110
\TX@old@col=\dimen111
\TX@target=\dimen112
\TX@delta=\dimen113
\TX@cols=\count100
\TX@ftn=\toks16
\heavyrulewidth=\dimen114
\lightrulewidth=\dimen115
\cmidrulewidth=\dimen116
\belowrulesep=\dimen117
\belowbottomsep=\dimen118
\aboverulesep=\dimen119
\abovetopsep=\dimen120
\cmidrulesep=\dimen121
\cmidrulekern=\dimen122
\defaultaddspace=\dimen123
\@cmidla=\count101
\@cmidlb=\count102
\@aboverulesep=\dimen124
\@belowrulesep=\dimen125
\@thisruleclass=\count103
\@lastruleclass=\count104
\@thisrulewidth=\dimen126
\ctableftskip=\skip113
\ctabrightskip=\skip114
\abovecolumnspenalty=\count105
\@linestogo=\count106
\@cellstogo=\count107
\@cellsincolumn=\count108
\crtok=\toks17
\@mincolumnwidth=\dimen127
\c@newflo@tctr=\count109
\mem@margin@floatbox=\box26
\@contcwidth=\skip115
\@contindw=\skip116
\abovecaptionskip=\skip117
\belowcaptionskip=\skip118
\subfloattopskip=\skip119
\subfloatcapskip=\skip120
\subfloatcaptopadj=\skip121
\subfloatbottomskip=\skip122
\subfloatlabelskip=\skip123
\subfloatcapmargin=\dimen128
\c@@contsubnum=\count110
\m@mscap@capbox=\box27
\m@mscap@fbox=\box28
\sidecapsep=\dimen129
\sidecapwidth=\dimen130
\m@m@tempdima=\dimen131
\m@mscapraise=\dimen132
\sidecapraise=\dimen133
\m@mscapmainwidth=\dimen134
\m@mscaplkern=\dimen135
\beforeepigraphskip=\skip124
\afterepigraphskip=\skip125
\epigraphwidth=\skip126
\epigraphrule=\skip127
LaTeX Info: Redefining \em on input line 7377.
LaTeX Info: Redefining \emph on input line 7385.
\tocentryskip=\skip128
\tocbaseline=\skip129
\cftparskip=\skip130
\cftbeforebookskip=\skip131
\cftbookindent=\dimen136
\cftbooknumwidth=\dimen137
\cftbeforepartskip=\skip132
\cftpartindent=\skip133
\cftpartnumwidth=\skip134
\cftbeforechapterskip=\skip135
\cftchapterindent=\skip136
\cftchapternumwidth=\skip137
\cftbeforesectionskip=\skip138
\cftsectionindent=\skip139
\cftsectionnumwidth=\skip140
\cftbeforesubsectionskip=\skip141
\cftsubsectionindent=\skip142
\cftsubsectionnumwidth=\skip143
\cftbeforesubsubsectionskip=\skip144
\cftsubsubsectionindent=\skip145
\cftsubsubsectionnumwidth=\skip146
\cftbeforeparagraphskip=\skip147
\cftparagraphindent=\skip148
\cftparagraphnumwidth=\skip149
\cftbeforesubparagraphskip=\skip150
\cftsubparagraphindent=\skip151
\cftsubparagraphnumwidth=\skip152
\prechapterprecisshift=\dimen138
\c@maxsecnumdepth=\count111
\bibindent=\dimen139
\bibitemsep=\skip153
\indexcolsep=\skip154
\indexrule=\skip155
\indexmarkstyle=\toks18
\@indexbox=\insert233
\glossarycolsep=\dimen140
\glossaryrule=\dimen141
\sideparvshift=\skip156
\sideins=\insert232
\sidebartopsep=\skip157
\sidebarhsep=\skip158
\sidebarvsep=\skip159
\sidebarwidth=\skip160
\footmarkwidth=\skip161
\footmarksep=\skip162
\footparindent=\skip163
\footinsdim=\skip164
\footinsv@r=\insert231
\@mpfootinsv@r=\insert230
\m@m@k=\count112
\m@m@h=\dimen142
\m@mipn@skip=\skip165
\sidefootins=\insert229
\sidefootadjust=\skip166
\sidefootheight=\skip167
\sidefoothsep=\skip168
\sidefootvsep=\skip169
\sidefootwidth=\skip170
\m@mdownsf=\skip171
\c@sidefootnote=\count113
\sidefootmarkwidth=\skip172
\sidefootmarksep=\skip173
\sidefootparindent=\skip174
\c@pagenote=\count114
\c@pagenoteshadow=\count115
\mem@pn@lastkern=\skip175
\every@verbatim=\toks19
\afterevery@verbatim=\toks20
\verbatim@line=\toks21
\tab@position=\count116
\verbatim@in@stream=\read1
\verbatimindent=\skip176
\verbatim@out=\write3
\bvboxsep=\skip177
\c@memfbvline=\count117
\c@bvlinectr=\count118
\bvnumlength=\skip178
\fb@frw=\dimen143
\fb@frh=\dimen144
\FrameRule=\dimen145
\FrameSep=\dimen146
\c@cp@cntr=\count119
LaTeX Info: Redefining \: on input line 11807.
LaTeX Info: Redefining \! on input line 11809.
\c@ism@mctr=\count120
\c@xsm@mctr=\count121
\c@csm@mctr=\count122
\c@ksm@mctr=\count123
\c@xksm@mctr=\count124
\c@cksm@mctr=\count125
\c@msm@mctr=\count126
\c@xmsm@mctr=\count127
\c@cmsm@mctr=\count128
\c@bsm@mctr=\count129
\c@workm@mctr=\count130
\c@sheetsequence=\count131
\c@lastsheet=\count132
\c@lastpage=\count133
\c@figure=\count134
\c@lofdepth=\count135
\cftbeforefigureskip=\skip179
\cftfigureindent=\skip180
\cftfigurenumwidth=\skip181
\c@table=\count136
\c@lotdepth=\count137
\cftbeforetableskip=\skip182
\cfttableindent=\skip183
\cfttablenumwidth=\skip184
Package abstract [2008/07/23] emulated by memoir.
Package appendix [2008/07/23] emulated by memoir.
Package array [2008/07/23] emulated by memoir.
Package booktabs [2008/07/23] emulated by memoir.
Package ccaption [2008/07/23] emulated by memoir.
Package changepage [2008/07/23] emulated by memoir.
Package chngcntr [2008/07/23] emulated by memoir.
Package chngpage [2008/07/23] emulated by memoir.
Package crop emulated by memoir.
Package dcolumn [2008/07/23] emulated by memoir.
Package delarray [2008/07/23] emulated by memoir.
Package enumerate [2008/07/23] emulated by memoir.
Package epigraph [2008/07/23] emulated by memoir.
Package ifmtarg [2008/07/23] emulated by memoir.
Package ifetex [2008/07/23] emulated by memoir.
Package index [2008/07/23] emulated by memoir.
Package makeidx [2008/07/23] emulated by memoir.
Package moreverb [2008/07/23] emulated by memoir.
Package mparhack [2008/07/23] emulated by memoir.
Package needspace [2008/07/23] emulated by memoir.
Package newfile [2008/07/23] emulated by memoir.
Package nextpage [2008/07/23] emulated by memoir.
Package pagenote [2008/07/23] emulated by memoir.
Package parskip [2008/07/23] emulated by memoir.
Package patchcmd [2008/07/23] emulated by memoir.
Package setspace [2008/07/23] emulated by memoir.
Package shortvrb [2008/07/23] emulated by memoir.
Package showidx [2008/07/23] emulated by memoir.
Package tabularx [2008/07/23] emulated by memoir.
Package titleref [2008/07/23] emulated by memoir.
Package titling [2008/07/23] emulated by memoir.
Package tocbibind [2008/07/23] emulated by memoir.
Package tocloft [2008/07/23] emulated by memoir.
Package tocvsec2 [2008/07/23] emulated by memoir.
Package verbatim [2008/07/23] emulated by memoir.
Package verse [2008/07/23] emulated by memoir.

(/usr/local/texlive/2011/texmf-dist/tex/latex/memoir/mempatch.sty
Package: mempatch 2009/07/24 v6.0f Patches for memoir class v1.6180339
))
(./uwthesis.sty
Package: uwthesis 2012/04/25 v0.1 UW thesis style


******************************************************
Stock height and width: 794.96999pt by 614.295pt
Top and edge trims: 0pt and 0pt
Page height and width: 794.96999pt by 614.295pt
Text height and width: 621pt by 433pt
Spine and edge margins: 108.405pt and 72.26999pt
Upper and lower margins: 108.405pt and 65.56499pt
Headheight and headsep: 14.5pt and 21.63501pt
Footskip: 30pt
Columnsep and columnseprule: 10pt and 0pt
Marginparsep and marginparwidth: 7pt and 50pt
Sidecapsep and sidecapwidth: 7pt and 50pt
Sidebarhsep and sidebarwidth: 7pt and 50pt
Sidebarvsep and sidebartopsep: 14.5pt and 0pt
Sidebarheight: 546.64995pt
Sidefoothsep and sidefootwidth: 7pt and 50pt
Sidefootvsep and sidefootheight: 14.5pt and 546.64995pt
******************************************************

) (/usr/local/texlive/2011/texmf-dist/tex/latex/cite/cite.sty
LaTeX Info: Redefining \cite on input line 302.
LaTeX Info: Redefining \nocite on input line 373.
Package: cite 2010/09/10  v 5.3
)
(/usr/local/texlive/2011/texmf-dist/tex/latex/graphics/graphicx.sty
Package: graphicx 1999/02/16 v1.0f Enhanced LaTeX Graphics (DPC,SPQR)

(/usr/local/texlive/2011/texmf-dist/tex/latex/graphics/keyval.sty
Package: keyval 1999/03/16 v1.13 key=value parser (DPC)
\KV@toks@=\toks22
)
(/usr/local/texlive/2011/texmf-dist/tex/latex/graphics/graphics.sty
Package: graphics 2009/02/05 v1.0o Standard LaTeX Graphics (DPC,SPQR)

(/usr/local/texlive/2011/texmf-dist/tex/latex/graphics/trig.sty
Package: trig 1999/03/16 v1.09 sin cos tan (DPC)
)
(/usr/local/texlive/2011/texmf-dist/tex/latex/latexconfig/graphics.cfg
File: graphics.cfg 2010/04/23 v1.9 graphics configuration of TeX Live
)
Package graphics Info: Driver file: pdftex.def on input line 91.

(/usr/local/texlive/2011/texmf-dist/tex/latex/pdftex-def/pdftex.def
File: pdftex.def 2011/05/27 v0.06d Graphics/color for pdfTeX

(/usr/local/texlive/2011/texmf-dist/tex/generic/oberdiek/infwarerr.sty
Package: infwarerr 2010/04/08 v1.3 Providing info/warning/message (HO)
)
(/usr/local/texlive/2011/texmf-dist/tex/generic/oberdiek/ltxcmds.sty
Package: ltxcmds 2011/04/18 v1.20 LaTeX kernel commands for general use (HO)
)
\Gread@gobject=\count138
))
\Gin@req@height=\dimen147
\Gin@req@width=\dimen148
)
(/usr/local/texlive/2011/texmf-dist/tex/latex/base/textcomp.sty
Package: textcomp 2005/09/27 v1.99g Standard LaTeX package
Package textcomp Info: Sub-encoding information:
(textcomp)               5 = only ISO-Adobe without \textcurrency
(textcomp)               4 = 5 + \texteuro
(textcomp)               3 = 4 + \textohm
(textcomp)               2 = 3 + \textestimated + \textcurrency
(textcomp)               1 = TS1 - \textcircled - \t
(textcomp)               0 = TS1 (full)
(textcomp)             Font families with sub-encoding setting implement
(textcomp)             only a restricted character set as indicated.
(textcomp)             Family '?' is the default used for unknown fonts.
(textcomp)             See the documentation for details.
Package textcomp Info: Setting ? sub-encoding to TS1/1 on input line 71.

(/usr/local/texlive/2011/texmf-dist/tex/latex/base/ts1enc.def
File: ts1enc.def 2001/06/05 v3.0e (jk/car/fm) Standard LaTeX file
)
LaTeX Info: Redefining \oldstylenums on input line 266.
Package textcomp Info: Setting cmr sub-encoding to TS1/0 on input line 281.
Package textcomp Info: Setting cmss sub-encoding to TS1/0 on input line 282.
Package textcomp Info: Setting cmtt sub-encoding to TS1/0 on input line 283.
Package textcomp Info: Setting cmvtt sub-encoding to TS1/0 on input line 284.
Package textcomp Info: Setting cmbr sub-encoding to TS1/0 on input line 285.
Package textcomp Info: Setting cmtl sub-encoding to TS1/0 on input line 286.
Package textcomp Info: Setting ccr sub-encoding to TS1/0 on input line 287.
Package textcomp Info: Setting ptm sub-encoding to TS1/4 on input line 288.
Package textcomp Info: Setting pcr sub-encoding to TS1/4 on input line 289.
Package textcomp Info: Setting phv sub-encoding to TS1/4 on input line 290.
Package textcomp Info: Setting ppl sub-encoding to TS1/3 on input line 291.
Package textcomp Info: Setting pag sub-encoding to TS1/4 on input line 292.
Package textcomp Info: Setting pbk sub-encoding to TS1/4 on input line 293.
Package textcomp Info: Setting pnc sub-encoding to TS1/4 on input line 294.
Package textcomp Info: Setting pzc sub-encoding to TS1/4 on input line 295.
Package textcomp Info: Setting bch sub-encoding to TS1/4 on input line 296.
Package textcomp Info: Setting put sub-encoding to TS1/5 on input line 297.
Package textcomp Info: Setting uag sub-encoding to TS1/5 on input line 298.
Package textcomp Info: Setting ugq sub-encoding to TS1/5 on input line 299.
Package textcomp Info: Setting ul8 sub-encoding to TS1/4 on input line 300.
Package textcomp Info: Setting ul9 sub-encoding to TS1/4 on input line 301.
Package textcomp Info: Setting augie sub-encoding to TS1/5 on input line 302.
Package textcomp Info: Setting dayrom sub-encoding to TS1/3 on input line 303.
Package textcomp Info: Setting dayroms sub-encoding to TS1/3 on input line 304.

Package textcomp Info: Setting pxr sub-encoding to TS1/0 on input line 305.
Package textcomp Info: Setting pxss sub-encoding to TS1/0 on input line 306.
Package textcomp Info: Setting pxtt sub-encoding to TS1/0 on input line 307.
Package textcomp Info: Setting txr sub-encoding to TS1/0 on input line 308.
Package textcomp Info: Setting txss sub-encoding to TS1/0 on input line 309.
Package textcomp Info: Setting txtt sub-encoding to TS1/0 on input line 310.
Package textcomp Info: Setting futs sub-encoding to TS1/4 on input line 311.
Package textcomp Info: Setting futx sub-encoding to TS1/4 on input line 312.
Package textcomp Info: Setting futj sub-encoding to TS1/4 on input line 313.
Package textcomp Info: Setting hlh sub-encoding to TS1/3 on input line 314.
Package textcomp Info: Setting hls sub-encoding to TS1/3 on input line 315.
Package textcomp Info: Setting hlst sub-encoding to TS1/3 on input line 316.
Package textcomp Info: Setting hlct sub-encoding to TS1/5 on input line 317.
Package textcomp Info: Setting hlx sub-encoding to TS1/5 on input line 318.
Package textcomp Info: Setting hlce sub-encoding to TS1/5 on input line 319.
Package textcomp Info: Setting hlcn sub-encoding to TS1/5 on input line 320.
Package textcomp Info: Setting hlcw sub-encoding to TS1/5 on input line 321.
Package textcomp Info: Setting hlcf sub-encoding to TS1/5 on input line 322.
Package textcomp Info: Setting pplx sub-encoding to TS1/3 on input line 323.
Package textcomp Info: Setting pplj sub-encoding to TS1/3 on input line 324.
Package textcomp Info: Setting ptmx sub-encoding to TS1/4 on input line 325.
Package textcomp Info: Setting ptmj sub-encoding to TS1/4 on input line 326.
)
(/usr/local/texlive/2011/texmf-dist/tex/latex/rotating/rotating.sty
Package: rotating 2009/03/28 v2.16a rotated objects in LaTeX

(/usr/local/texlive/2011/texmf-dist/tex/latex/base/ifthen.sty
Package: ifthen 2001/05/26 v1.1c Standard LaTeX ifthen package (DPC)
)
\c@r@tfl@t=\count139
\rotFPtop=\skip185
\rotFPbot=\skip186
\rot@float@box=\box29
\rot@mess@toks=\toks23
)
(/usr/local/texlive/2011/texmf-dist/tex/latex/feynmf/feynmp.sty
Package: feynmp 1996/12/02 v1.08 LaTeX/MetaPost Feynman Diagram Package (ohl)
\@outfmf=\write4
\fmfbuf@=\toks24
\c@fmfgraph=\count140
)
(/usr/local/texlive/2011/texmf-dist/tex/latex/tools/xspace.sty
Package: xspace 2006/05/08 v1.12 Space after command names (DPC,MH)
)
(/usr/local/texlive/2011/texmf-dist/tex/latex/amsmath/amsmath.sty
Package: amsmath 2000/07/18 v2.13 AMS math features
\@mathmargin=\skip187

For additional information on amsmath, use the `?' option.
(/usr/local/texlive/2011/texmf-dist/tex/latex/amsmath/amstext.sty
Package: amstext 2000/06/29 v2.01

(/usr/local/texlive/2011/texmf-dist/tex/latex/amsmath/amsgen.sty
File: amsgen.sty 1999/11/30 v2.0
\@emptytoks=\toks25
\ex@=\dimen149
))
(/usr/local/texlive/2011/texmf-dist/tex/latex/amsmath/amsbsy.sty
Package: amsbsy 1999/11/29 v1.2d
\pmbraise@=\dimen150
)
(/usr/local/texlive/2011/texmf-dist/tex/latex/amsmath/amsopn.sty
Package: amsopn 1999/12/14 v2.01 operator names
)
\inf@bad=\count141
LaTeX Info: Redefining \frac on input line 211.
\uproot@=\count142
\leftroot@=\count143
LaTeX Info: Redefining \overline on input line 307.
\classnum@=\count144
\DOTSCASE@=\count145
LaTeX Info: Redefining \ldots on input line 379.
LaTeX Info: Redefining \dots on input line 382.
LaTeX Info: Redefining \cdots on input line 467.
\Mathstrutbox@=\box30
\strutbox@=\box31
\big@size=\dimen151
LaTeX Font Info:    Redeclaring font encoding OML on input line 567.
LaTeX Font Info:    Redeclaring font encoding OMS on input line 568.
\macc@depth=\count146
\c@MaxMatrixCols=\count147
\dotsspace@=\muskip10
\c@parentequation=\count148
\dspbrk@lvl=\count149
\tag@help=\toks26
\row@=\count150
\column@=\count151
\maxfields@=\count152
\andhelp@=\toks27
\eqnshift@=\dimen152
\alignsep@=\dimen153
\tagshift@=\dimen154
\tagwidth@=\dimen155
\totwidth@=\dimen156
\lineht@=\dimen157
\@envbody=\toks28
\multlinegap=\skip188
\multlinetaggap=\skip189
\mathdisplay@stack=\toks29
LaTeX Info: Redefining \[ on input line 2666.
LaTeX Info: Redefining \] on input line 2667.
)
(./helpers.sty)
(/usr/local/texlive/2011/texmf-dist/tex/latex/hyperref/hyperref.sty
Package: hyperref 2011/04/17 v6.82g Hypertext links for LaTeX

(/usr/local/texlive/2011/texmf-dist/tex/generic/oberdiek/hobsub-hyperref.sty
Package: hobsub-hyperref 2011/04/23 v1.4 Bundle oberdiek, subset hyperref (HO)

(/usr/local/texlive/2011/texmf-dist/tex/generic/oberdiek/hobsub-generic.sty
Package: hobsub-generic 2011/04/23 v1.4 Bundle oberdiek, subset generic (HO)
Package: hobsub 2011/04/23 v1.4 Subsetting bundle oberdiek (HO)
Package hobsub Info: Skipping package `infwarerr' (already loaded).
Package hobsub Info: Skipping package `ltxcmds' (already loaded).
Package hobsub Info: Skipping package `ifluatex' (already loaded).
Package: ifvtex 2010/03/01 v1.5 Switches for detecting VTeX and its modes (HO)
Package ifvtex Info: VTeX not detected.
Package: intcalc 2007/09/27 v1.1 Expandable integer calculations (HO)
Package hobsub Info: Skipping package `ifpdf' (already loaded).
Package: etexcmds 2011/02/16 v1.5 Prefix for e-TeX command names (HO)
Package etexcmds Info: Could not find \expanded.
(etexcmds)             That can mean that you are not using pdfTeX 1.50 or
(etexcmds)             that some package has redefined \expanded.
(etexcmds)             In the latter case, load this package earlier.
Package: kvsetkeys 2011/04/07 v1.13 Key value parser (HO)
Package: kvdefinekeys 2011/04/07 v1.3 Defining keys (HO)
Package: pdftexcmds 2011/04/22 v0.16 Utilities of pdfTeX for LuaTeX (HO)
Package pdftexcmds Info: LuaTeX not detected.
Package pdftexcmds Info: \pdf@primitive is available.
Package pdftexcmds Info: \pdf@ifprimitive is available.
Package pdftexcmds Info: \pdfdraftmode found.
Package: pdfescape 2011/04/04 v1.12 Provides string conversions (HO)
Package: bigintcalc 2011/01/30 v1.2 Expandable big integer calculations (HO)
Package: bitset 2011/01/30 v1.1 Data type bit set (HO)
Package: uniquecounter 2011/01/30 v1.2 Provides unlimited unique counter (HO)
)
Package hobsub Info: Skipping package `hobsub' (already loaded).
Package: letltxmacro 2010/09/02 v1.4 Let assignment for LaTeX macros (HO)
Package: hopatch 2011/01/30 v1.0 Wrapper for package hooks (HO)
Package: xcolor-patch 2011/01/30 xcolor patch
Package: atveryend 2011/04/23 v1.7 Hooks at very end of document (HO)
Package atveryend Info: \enddocument detected (standard).
Package: atbegshi 2011/01/30 v1.15 At begin shipout hook (HO)
Package: refcount 2010/12/01 v3.2 Data extraction from references (HO)
Package: hycolor 2011/01/30 v1.7 Color options of hyperref/bookmark (HO)
)
(/usr/local/texlive/2011/texmf-dist/tex/latex/oberdiek/kvoptions.sty
Package: kvoptions 2010/12/23 v3.10 Keyval support for LaTeX options (HO)
)
\@linkdim=\dimen158
\Hy@linkcounter=\count153
\Hy@pagecounter=\count154

(/usr/local/texlive/2011/texmf-dist/tex/latex/hyperref/pd1enc.def
File: pd1enc.def 2011/04/17 v6.82g Hyperref: PDFDocEncoding definition (HO)
)
\Hy@SavedSpaceFactor=\count155

(/usr/local/texlive/2011/texmf-dist/tex/latex/latexconfig/hyperref.cfg
File: hyperref.cfg 2002/06/06 v1.2 hyperref configuration of TeXLive
)
Package hyperref Info: Hyper figures OFF on input line 4026.
Package hyperref Info: Link nesting OFF on input line 4031.
Package hyperref Info: Hyper index ON on input line 4034.
Package hyperref Info: Plain pages OFF on input line 4041.
Package hyperref Info: Backreferencing OFF on input line 4046.
Package hyperref Info: Implicit mode ON; LaTeX internals redefined.
Package hyperref Info: Bookmarks ON on input line 4264.
\c@Hy@tempcnt=\count156

(/usr/local/texlive/2011/texmf-dist/tex/latex/url/url.sty
\Urlmuskip=\muskip11
Package: url 2006/04/12  ver 3.3  Verb mode for urls, etc.
)
LaTeX Info: Redefining \url on input line 4617.
\Fld@menulength=\count157
\Field@Width=\dimen159
\Fld@charsize=\dimen160
Package hyperref Info: Hyper figures OFF on input line 5701.
Package hyperref Info: Link nesting OFF on input line 5706.
Package hyperref Info: Hyper index ON on input line 5709.
Package hyperref Info: backreferencing OFF on input line 5716.
Package hyperref Info: Link coloring OFF on input line 5721.
Package hyperref Info: Link coloring with OCG OFF on input line 5726.
Package hyperref Info: PDF/A mode OFF on input line 5731.
LaTeX Info: Redefining \ref on input line 5771.
LaTeX Info: Redefining \pageref on input line 5775.
\Hy@abspage=\count158
\c@Item=\count159
)
(/usr/local/texlive/2011/texmf-dist/tex/latex/memoir/memhfixc.sty
Package: memhfixc 2010/08/17 v1.15 nameref/hyperref package fixes for memoir cl
ass
\c@memhycontfloat=\count160
)

Package hyperref Message: Driver (autodetected): hpdftex.

(/usr/local/texlive/2011/texmf-dist/tex/latex/hyperref/hpdftex.def
File: hpdftex.def 2011/04/17 v6.82g Hyperref driver for pdfTeX
\Fld@listcount=\count161
\c@bookmark@seq@number=\count162

(/usr/local/texlive/2011/texmf-dist/tex/latex/oberdiek/rerunfilecheck.sty
Package: rerunfilecheck 2011/04/15 v1.7 Rerun checks for auxiliary files (HO)
Package uniquecounter Info: New unique counter `rerunfilecheck' on input line 2
82.
)
\Hy@SectionHShift=\skip190
)

Class memoir Warning: You are using the caption package with the memoir 
(memoir)              class. This may cause unexpected or inconsistent 
(memoir)              results if you use any of memoir's captioning facilities.


(/usr/local/texlive/2011/texmf-dist/tex/latex/caption/caption.sty
Package: caption 2010/01/09 v3.1m Customizing captions (AR)

(/usr/local/texlive/2011/texmf-dist/tex/latex/caption/caption3.sty
Package: caption3 2010/01/14 v3.1m caption3 kernel (AR)
\captionmargin=\dimen161
\captionmargin@=\dimen162
\captionwidth=\dimen163
\caption@indent=\dimen164
\caption@parindent=\dimen165
\caption@hangindent=\dimen166
)
\c@ContinuedFloat=\count163
Package caption Info: hyperref package is loaded.
Package caption Info: rotating package is loaded.
)
(./thesis.aux

LaTeX Warning: Label `eqn:PU_corr' multiply defined.

)
\openout1 = `thesis.aux'.

LaTeX Font Info:    Checking defaults for OML/cmm/m/it on input line 67.
LaTeX Font Info:    ... okay on input line 67.
LaTeX Font Info:    Checking defaults for T1/cmr/m/n on input line 67.
LaTeX Font Info:    ... okay on input line 67.
LaTeX Font Info:    Checking defaults for OT1/cmr/m/n on input line 67.
LaTeX Font Info:    ... okay on input line 67.
LaTeX Font Info:    Checking defaults for OMS/cmsy/m/n on input line 67.
LaTeX Font Info:    ... okay on input line 67.
LaTeX Font Info:    Checking defaults for OMX/cmex/m/n on input line 67.
LaTeX Font Info:    ... okay on input line 67.
LaTeX Font Info:    Checking defaults for U/cmr/m/n on input line 67.
LaTeX Font Info:    ... okay on input line 67.
LaTeX Font Info:    Checking defaults for TS1/cmr/m/n on input line 67.
LaTeX Font Info:    Try loading font information for TS1+cmr on input line 67.
 (/usr/local/texlive/2011/texmf-dist/tex/latex/base/ts1cmr.fd
File: ts1cmr.fd 1999/05/25 v2.5h Standard LaTeX font definitions
)
LaTeX Font Info:    ... okay on input line 67.
LaTeX Font Info:    Checking defaults for PD1/pdf/m/n on input line 67.
LaTeX Font Info:    ... okay on input line 67.

(/usr/local/texlive/2011/texmf-dist/tex/context/base/supp-pdf.mkii
[Loading MPS to PDF converter (version 2006.09.02).]
\scratchcounter=\count164
\scratchdimen=\dimen167
\scratchbox=\box32
\nofMPsegments=\count165
\nofMParguments=\count166
\everyMPshowfont=\toks30
\MPscratchCnt=\count167
\MPscratchDim=\dimen168
\MPnumerator=\count168
\makeMPintoPDFobject=\count169
\everyMPtoPDFconversion=\toks31
) (/usr/local/texlive/2011/texmf-dist/tex/latex/oberdiek/epstopdf-base.sty
Package: epstopdf-base 2010/02/09 v2.5 Base part for package epstopdf

(/usr/local/texlive/2011/texmf-dist/tex/latex/oberdiek/grfext.sty
Package: grfext 2010/08/19 v1.1 Managing graphics extensions (HO)
)
Package grfext Info: Graphics extension search list:
(grfext)             [.pdf,.PDF,.png,.PNG,.jpg,.mps,.jpeg,.jbig2,.jb2,.JPG,.JPE
G,.JBIG2,.JB2,.eps]
(grfext)             \AppendGraphicsExtensions on input line 452.

(/usr/local/texlive/2011/texmf-dist/tex/latex/latexconfig/epstopdf-sys.cfg
File: epstopdf-sys.cfg 2010/07/13 v1.3 Configuration of (r)epstopdf for TeX Liv
e
))
\AtBeginShipoutBox=\box33
Package hyperref Info: Link coloring OFF on input line 67.

(/usr/local/texlive/2011/texmf-dist/tex/latex/hyperref/nameref.sty
Package: nameref 2010/04/30 v2.40 Cross-referencing by name of section

(/usr/local/texlive/2011/texmf-dist/tex/generic/oberdiek/gettitlestring.sty
Package: gettitlestring 2010/12/03 v1.4 Cleanup title references (HO)
)
\c@section@level=\count170
)
Redoing nameref's sectioning
Redoing nameref's label
LaTeX Info: Redefining \nameref on input line 67.
LaTeX Info: Redefining \ref on input line 67.
LaTeX Info: Redefining \pageref on input line 67.
LaTeX Info: Redefining \nameref on input line 67.
(./thesis.out) (./thesis.out)
\@outlinefile=\write5
\openout5 = `thesis.out'.

Package caption Info: Begin \AtBeginDocument code.
Package caption Info: Incompatible package detected (regarding \@caption).
(caption)             \@caption = \long macro:#1[#2]#3->\MNR@old@caption {#1}[{
#2}]{#3}\def \@currentlabelname {#2}\M@gettitle {#2}.


Package caption Warning: \caption will not be redefined since it's already
(caption)                redefined by a document class or package which is
(caption)                unknown to the caption package.
See the caption package documentation for explanation.

Package caption Info: End \AtBeginDocument code.

Class memoir Warning: The \sc font command is deprecated. 
(memoir)              Use \textsc{...} or {\scshape... } instead on input line 
77.

[1


{/usr/local/texlive/2011/texmf-var/fonts/map/pdftex/updmap/pdftex.map}]pdfTeX w
arning (ext4): destination with the same identifier (name{page.i}) has been alr
eady used, duplicate ignored
<to be read again> 
                   \relax 
l.90 \cleardoublepage
                      [1


] [2

] (./thesis.toc [3

] [4] [5]
Overfull \hbox (2.03766pt too wide) detected at line 78
 \OT1/cmr/bx/n/12 107
 []


Overfull \hbox (2.03766pt too wide) detected at line 81
 \OT1/cmr/bx/n/12 109
 []

) [6] (./thesis.lof [7

] [8]) [9] (./thesis.lot [10

]) [11] (./Introduction.tex
[1


]) (./sm.tex [2] [3

]

LaTeX Warning: `h' float specifier changed to `ht'.

[4] [5] [6] [7]
Overfull \hbox (11.59816pt too wide) in paragraph at lines 205--209
[]\OT1/cmr/m/n/12 The mech-a-nism for this sym-me-try break-ing was pro-posed i
n-de-pen-dently by Higgs [[]3[]],
 []

<figs/higgsPot.png, id=660, 578.16pt x 433.62pt>
File: figs/higgsPot.png Graphic file (type png)
 <use figs/higgsPot.png>
Package pdftex.def Info: figs/higgsPot.png used on input line 224.
(pdftex.def)             Requested size: 433.0pt x 324.75104pt.


LaTeX Warning: `h' float specifier changed to `ht'.

[8] [9 <./figs/higgsPot.png>] [10]
\openout4 = `qq.mp'.

File: qq.1 Graphic file (type mps)
 [MP to PDF] (./qq.1) (./qq.t1)
\openout4 = `gg.mp'.

File: gg.1 Graphic file (type mps)
 [MP to PDF]
(./gg.1) (./gg.t1)
\openout4 = `atgc.mp'.

File: atgc.1 Graphic file (type mps)
 [MP to PDF] (./atgc.1) (./atgc.t1) [11]
\openout4 = `ggH.mp'.

File: ggH.1 Graphic file (type mps)
 [MP to PDF] (./ggH.1) (./ggH.t1)
\openout4 = `vbfH.mp'.

File: vbfH.1 Graphic file (type mps)
 [MP to PDF] (./vbfH.1) (./vbfH.t1) [12]
<figs/higgs-BR.pdf, id=707, 569.12625pt x 408.52625pt>
File: figs/higgs-BR.pdf Graphic file (type pdf)
 <use figs/higgs-BR.pdf>
Package pdftex.def Info: figs/higgs-BR.pdf used on input line 443.
(pdftex.def)             Requested size: 433.0pt x 310.82602pt.


LaTeX Warning: `h' float specifier changed to `ht'.

[13 <./figs/higgs-BR.pdf>] [14] [15] [16]
<figs/atgcEffects.png, id=773, 1149.29375pt x 791.95876pt>
File: figs/atgcEffects.png Graphic file (type png)

<use figs/atgcEffects.png>
Package pdftex.def Info: figs/atgcEffects.png used on input line 599.
(pdftex.def)             Requested size: 433.0pt x 298.3735pt.


LaTeX Warning: `h' float specifier changed to `ht'.

<figs/atgcAngEffects.png, id=776, 1297.84875pt x 853.1875pt>
File: figs/atgcAngEffects.png Graphic file (type png)

<use figs/atgcAngEffects.png>
Package pdftex.def Info: figs/atgcAngEffects.png used on input line 609.
(pdftex.def)             Requested size: 433.0pt x 284.63815pt.


LaTeX Warning: `h' float specifier changed to `ht'.

) (./previous.tex [17] [18 <./figs/atgcEffects.png>] [19 <./figs/atgcAngEffects
.png>]

Package hyperref Warning: Token not allowed in a PDF string (PDFDocEncoding):
(hyperref)                removing `math shift' on input line 4.


Package hyperref Warning: Token not allowed in a PDF string (PDFDocEncoding):
(hyperref)                removing `subscript' on input line 4.


Package hyperref Warning: Token not allowed in a PDF string (PDFDocEncoding):
(hyperref)                removing `math shift' on input line 4.

[20

] [21] [22]

LaTeX Warning: Citation `cms:HiggsObs' on page 23 undefined on input line 115.


LaTeX Warning: Citation `atlas:HiggsObs' on page 23 undefined on input line 115
.


Overfull \hbox (10.91069pt too wide) in paragraph at lines 123--129
\OT1/cmr/m/n/12 Searches for anoma-lous neu-tral triple gauge cou-plings have b
een per-formed at LEP2 [[]31[][]
 []

) (./expOverview.tex [23] [24] [25

] [26]
<figs/LHC_chain.png, id=892, 1244.65pt x 883.3pt>
File: figs/LHC_chain.png Graphic file (type png)
 <use figs/LHC_chain.png>
Package pdftex.def Info: figs/LHC_chain.png used on input line 82.
(pdftex.def)             Requested size: 389.69736pt x 276.55621pt.


LaTeX Warning: `h' float specifier changed to `ht'.


LaTeX Warning: `h' float specifier changed to `ht'.

<figs/ppLumi_per_week_2011.pdf, id=893, 578.16pt x 433.62pt>
File: figs/ppLumi_per_week_2011.pdf Graphic file (type pdf)

<use figs/ppLumi_per_week_2011.pdf>
Package pdftex.def Info: figs/ppLumi_per_week_2011.pdf used on input line 121.
(pdftex.def)             Requested size: 194.84868pt x 146.132pt.

<figs/ppLumi_per_week_2012.pdf, id=894, 578.16pt x 433.62pt>
File: figs/ppLumi_per_week_2012.pdf Graphic file (type pdf)

<use figs/ppLumi_per_week_2012.pdf>
Package pdftex.def Info: figs/ppLumi_per_week_2012.pdf used on input line 122.
(pdftex.def)             Requested size: 194.84868pt x 146.132pt.


LaTeX Warning: `h' float specifier changed to `ht'.

[27] [28 <./figs/LHC_chain.png>]
<figs/cms_exploded.jpg, id=905, 491.9178pt x 327.3831pt>
File: figs/cms_exploded.jpg Graphic file (type jpg)

<use figs/cms_exploded.jpg>
Package pdftex.def Info: figs/cms_exploded.jpg used on input line 156.
(pdftex.def)             Requested size: 259.80264pt x 172.90776pt.


LaTeX Warning: `h' float specifier changed to `ht'.

<figs/cms_cutaway.png, id=906, 995.72pt x 511.9125pt>
File: figs/cms_cutaway.png Graphic file (type png)

<use figs/cms_cutaway.png>
Package pdftex.def Info: figs/cms_cutaway.png used on input line 164.
(pdftex.def)             Requested size: 346.40132pt x 178.09412pt.


LaTeX Warning: `h' float specifier changed to `ht'.

[29 <./figs/ppLumi_per_week_2011.pdf> <./figs/ppLumi_per_week_2012.pdf>]
[30 <./figs/cms_exploded.jpg> <./figs/cms_cutaway.png (PNG copy)>]
<figs/tracker_layout.pdf, id=1053, 447.70886pt x 218.78326pt>
File: figs/tracker_layout.pdf Graphic file (type pdf)

<use figs/tracker_layout.pdf>
Package pdftex.def Info: figs/tracker_layout.pdf used on input line 190.
(pdftex.def)             Requested size: 346.40132pt x 169.28152pt.
 [31 <./figs/tracker_layout.pdf>] [32] [33]
<figs/ECAL_geometry.png, id=1184, 1325.95375pt x 859.21pt>
File: figs/ECAL_geometry.png Graphic file (type png)

<use figs/ECAL_geometry.png>
Package pdftex.def Info: figs/ECAL_geometry.png used on input line 291.
(pdftex.def)             Requested size: 346.40132pt x 224.46439pt.
 [34 <./figs/ECAL_geometry.png>] [35]
<figs/HCAL_geometry.png, id=1196, 1324.95pt x 801.99625pt>
File: figs/HCAL_geometry.png Graphic file (type png)

<use figs/HCAL_geometry.png>
Package pdftex.def Info: figs/HCAL_geometry.png used on input line 355.
(pdftex.def)             Requested size: 346.40132pt x 209.67665pt.


LaTeX Warning: `h' float specifier changed to `ht'.

[36] [37 <./figs/HCAL_geometry.png>]
<figs/muon_geometry.png, id=1212, 387.4475pt x 290.08376pt>
File: figs/muon_geometry.png Graphic file (type png)

<use figs/muon_geometry.png>
Package pdftex.def Info: figs/muon_geometry.png used on input line 427.
(pdftex.def)             Requested size: 259.80264pt x 194.51888pt.
 [38] [39 <./figs/muon_geometry.png>]
<figs/DT_schematic.png, id=1223, 1283.79625pt x 799.98875pt>
File: figs/DT_schematic.png Graphic file (type png)

<use figs/DT_schematic.png>
Package pdftex.def Info: figs/DT_schematic.png used on input line 453.
(pdftex.def)             Requested size: 346.40132pt x 215.85336pt.
 [40 <./figs/DT_schematic.png>] [41]
<figs/l1Arch.png, id=1233, 511.9125pt x 374.39874pt>
File: figs/l1Arch.png Graphic file (type png)
 <use figs/l1Arch.png>
Package pdftex.def Info: figs/l1Arch.png used on input line 523.
(pdftex.def)             Requested size: 303.09868pt x 221.676pt.


LaTeX Warning: `h' float specifier changed to `ht'.

[42] [43 <./figs/l1Arch.png>]) (./eventGenSim.tex [44] [45

]
<figs/pdfComp.png, id=1262, 1213.53375pt x 905.3825pt>
File: figs/pdfComp.png Graphic file (type png)
 <use figs/pdfComp.png>
Package pdftex.def Info: figs/pdfComp.png used on input line 50.
(pdftex.def)             Requested size: 346.40132pt x 258.43733pt.


LaTeX Warning: `h' float specifier changed to `ht'.

[46] [47 <./figs/pdfComp.png>]
<figs/hadronization.png, id=1287, 803.0pt x 567.11874pt>
File: figs/hadronization.png Graphic file (type png)

<use figs/hadronization.png>
Package pdftex.def Info: figs/hadronization.png used on input line 80.
(pdftex.def)             Requested size: 346.40132pt x 244.65242pt.
 [48 <./figs/hadronization.png (PNG copy)>]
[49]
Overfull \hbox (15.85388pt too wide) in paragraph at lines 158--214
 [][] 
 []

[50] [51]) (./eventReco.tex [52] [53

]
<figs/eleReco.pdf, id=1341, 568.04218pt x 776.6616pt>
File: figs/eleReco.pdf Graphic file (type pdf)
 <use figs/eleReco.pdf>
Package pdftex.def Info: figs/eleReco.pdf used on input line 51.
(pdftex.def)             Requested size: 173.19736pt x 236.80441pt.


LaTeX Warning: `h' float specifier changed to `ht'.

[54] [55 <./figs/eleReco.pdf>] [56]) (./analysis.tex [57] [58

] [59] [60]
[61] [62]

LaTeX Warning: `h' float specifier changed to `ht'.

[63] [64


] [65]
Overfull \hbox (20.9779pt too wide) in paragraph at lines 323--329
[]\OT1/cmr/m/n/12 Momentum scale of the muons is cal-i-brated us-ing the \OT1/c
mr/m/it/12 Rochester cor-rec-tion \OT1/cmr/m/n/12 method [[]69[]].
 []

[66] <figs/ele_tnp_corrections.pdf, id=1451, 569.12625pt x 380.42125pt>
File: figs/ele_tnp_corrections.pdf Graphic file (type pdf)

<use figs/ele_tnp_corrections.pdf>
Package pdftex.def Info: figs/ele_tnp_corrections.pdf used on input line 368.
(pdftex.def)             Requested size: 259.80264pt x 173.6666pt.

<figs/mu_tnp_corrections.pdf, id=1452, 569.12625pt x 385.44pt>
File: figs/mu_tnp_corrections.pdf Graphic file (type pdf)

<use figs/mu_tnp_corrections.pdf>
Package pdftex.def Info: figs/mu_tnp_corrections.pdf used on input line 369.
(pdftex.def)             Requested size: 259.80264pt x 175.95772pt.


LaTeX Warning: `h' float specifier changed to `ht'.

[67] <figs/pu_corrected.pdf, id=1461, 569.12625pt x 546.04pt>
File: figs/pu_corrected.pdf Graphic file (type pdf)

<use figs/pu_corrected.pdf>
Package pdftex.def Info: figs/pu_corrected.pdf used on input line 403.
(pdftex.def)             Requested size: 346.40132pt x 332.36737pt.


LaTeX Warning: `h' float specifier changed to `ht'.

[68 <./figs/ele_tnp_corrections.pdf, page is rotated 90 degrees> <./figs/mu_tnp
_corrections.pdf, page is rotated 90 degrees>] [69 <./figs/pu_corrected.pdf, pa
ge is rotated 90 degrees>]
<figs/BGs/ele_FR.pdf, id=1603, 569.12625pt x 546.04pt>
File: figs/BGs/ele_FR.pdf Graphic file (type pdf)

<use figs/BGs/ele_FR.pdf>
Package pdftex.def Info: figs/BGs/ele_FR.pdf used on input line 465.
(pdftex.def)             Requested size: 194.84868pt x 186.94258pt.

<figs/BGs/mu_FR.pdf, id=1604, 569.12625pt x 546.04pt>
File: figs/BGs/mu_FR.pdf Graphic file (type pdf)
 <use figs/BGs/mu_FR.pdf>
Package pdftex.def Info: figs/BGs/mu_FR.pdf used on input line 466.
(pdftex.def)             Requested size: 194.84868pt x 186.94258pt.


LaTeX Warning: `h' float specifier changed to `ht'.

[70] <figs/BGs/eeee_AA.pdf, id=1616, 569.12625pt x 546.04pt>
File: figs/BGs/eeee_AA.pdf Graphic file (type pdf)

<use figs/BGs/eeee_AA.pdf>
Package pdftex.def Info: figs/BGs/eeee_AA.pdf used on input line 495.
(pdftex.def)             Requested size: 194.84868pt x 186.94258pt.

<figs/BGs/mmee_AA.pdf, id=1617, 569.12625pt x 546.04pt>
File: figs/BGs/mmee_AA.pdf Graphic file (type pdf)

<use figs/BGs/mmee_AA.pdf>
Package pdftex.def Info: figs/BGs/mmee_AA.pdf used on input line 496.
(pdftex.def)             Requested size: 194.84868pt x 186.94258pt.

<figs/BGs/mmmm_AA.pdf, id=1618, 569.12625pt x 546.04pt>
File: figs/BGs/mmmm_AA.pdf Graphic file (type pdf)

<use figs/BGs/mmmm_AA.pdf>
Package pdftex.def Info: figs/BGs/mmmm_AA.pdf used on input line 497.
(pdftex.def)             Requested size: 194.84868pt x 186.94258pt.

<figs/BGs/4l_AA.pdf, id=1619, 569.12625pt x 546.04pt>
File: figs/BGs/4l_AA.pdf Graphic file (type pdf)
 <use figs/BGs/4l_AA.pdf>
Package pdftex.def Info: figs/BGs/4l_AA.pdf used on input line 498.
(pdftex.def)             Requested size: 194.84868pt x 186.94258pt.


LaTeX Warning: `h' float specifier changed to `ht'.

<figs/BGs/eeee_IA.pdf, id=1620, 569.12625pt x 546.04pt>
File: figs/BGs/eeee_IA.pdf Graphic file (type pdf)

<use figs/BGs/eeee_IA.pdf>
Package pdftex.def Info: figs/BGs/eeee_IA.pdf used on input line 508.
(pdftex.def)             Requested size: 194.84868pt x 186.94258pt.

<figs/BGs/mmee_IA.pdf, id=1621, 569.12625pt x 546.04pt>
File: figs/BGs/mmee_IA.pdf Graphic file (type pdf)

<use figs/BGs/mmee_IA.pdf>
Package pdftex.def Info: figs/BGs/mmee_IA.pdf used on input line 509.
(pdftex.def)             Requested size: 194.84868pt x 186.94258pt.

<figs/BGs/mmmm_IA.pdf, id=1622, 569.12625pt x 546.04pt>
File: figs/BGs/mmmm_IA.pdf Graphic file (type pdf)

<use figs/BGs/mmmm_IA.pdf>
Package pdftex.def Info: figs/BGs/mmmm_IA.pdf used on input line 510.
(pdftex.def)             Requested size: 194.84868pt x 186.94258pt.

<figs/BGs/4l_IA.pdf, id=1623, 569.12625pt x 546.04pt>
File: figs/BGs/4l_IA.pdf Graphic file (type pdf)
 <use figs/BGs/4l_IA.pdf>
Package pdftex.def Info: figs/BGs/4l_IA.pdf used on input line 511.
(pdftex.def)             Requested size: 194.84868pt x 186.94258pt.


LaTeX Warning: `h' float specifier changed to `ht'.

<figs/BGs/eeee_AA_highmass.pdf, id=1624, 569.12625pt x 546.04pt>
File: figs/BGs/eeee_AA_highmass.pdf Graphic file (type pdf)

<use figs/BGs/eeee_AA_highmass.pdf>
Package pdftex.def Info: figs/BGs/eeee_AA_highmass.pdf used on input line 521.
(pdftex.def)             Requested size: 194.84868pt x 186.94258pt.

<figs/BGs/mmee_AA_highmass.pdf, id=1625, 569.12625pt x 546.04pt>
File: figs/BGs/mmee_AA_highmass.pdf Graphic file (type pdf)

<use figs/BGs/mmee_AA_highmass.pdf>
Package pdftex.def Info: figs/BGs/mmee_AA_highmass.pdf used on input line 522.
(pdftex.def)             Requested size: 194.84868pt x 186.94258pt.

<figs/BGs/mmmm_AA_highmass.pdf, id=1626, 569.12625pt x 546.04pt>
File: figs/BGs/mmmm_AA_highmass.pdf Graphic file (type pdf)

<use figs/BGs/mmmm_AA_highmass.pdf>
Package pdftex.def Info: figs/BGs/mmmm_AA_highmass.pdf used on input line 523.
(pdftex.def)             Requested size: 194.84868pt x 186.94258pt.

<figs/BGs/4l_AA_highmass.pdf, id=1627, 569.12625pt x 546.04pt>
File: figs/BGs/4l_AA_highmass.pdf Graphic file (type pdf)

<use figs/BGs/4l_AA_highmass.pdf>
Package pdftex.def Info: figs/BGs/4l_AA_highmass.pdf used on input line 524.
(pdftex.def)             Requested size: 194.84868pt x 186.94258pt.


LaTeX Warning: `h' float specifier changed to `ht'.

<figs/BGs/eeee_IA_highmass.pdf, id=1628, 569.12625pt x 546.04pt>
File: figs/BGs/eeee_IA_highmass.pdf Graphic file (type pdf)

<use figs/BGs/eeee_IA_highmass.pdf>
Package pdftex.def Info: figs/BGs/eeee_IA_highmass.pdf used on input line 534.
(pdftex.def)             Requested size: 194.84868pt x 186.94258pt.

<figs/BGs/mmee_IA_highmass.pdf, id=1629, 569.12625pt x 546.04pt>
File: figs/BGs/mmee_IA_highmass.pdf Graphic file (type pdf)

<use figs/BGs/mmee_IA_highmass.pdf>
Package pdftex.def Info: figs/BGs/mmee_IA_highmass.pdf used on input line 535.
(pdftex.def)             Requested size: 194.84868pt x 186.94258pt.

<figs/BGs/mmmm_IA_highmass.pdf, id=1630, 569.12625pt x 546.04pt>
File: figs/BGs/mmmm_IA_highmass.pdf Graphic file (type pdf)

<use figs/BGs/mmmm_IA_highmass.pdf>
Package pdftex.def Info: figs/BGs/mmmm_IA_highmass.pdf used on input line 536.
(pdftex.def)             Requested size: 194.84868pt x 186.94258pt.

<figs/BGs/4l_IA_highmass.pdf, id=1631, 569.12625pt x 546.04pt>
File: figs/BGs/4l_IA_highmass.pdf Graphic file (type pdf)

<use figs/BGs/4l_IA_highmass.pdf>
Package pdftex.def Info: figs/BGs/4l_IA_highmass.pdf used on input line 537.
(pdftex.def)             Requested size: 194.84868pt x 186.94258pt.


LaTeX Warning: `h' float specifier changed to `ht'.

[71 <./figs/BGs/ele_FR.pdf, page is rotated 90 degrees> <./figs/BGs/mu_FR.pdf, 
page is rotated 90 degrees>]

Package amsmath Warning: Foreign command \atopwithdelims;
(amsmath)                \frac or \genfrac should be used instead
(amsmath)                 on input line 569.

[72 <./figs/BGs/eeee_AA.pdf, page is rotated 90 degrees> <./figs/BGs/mmee_AA.pd
f, page is rotated 90 degrees> <./figs/BGs/mmmm_AA.pdf, page is rotated 90 degr
ees> <./figs/BGs/4l_AA.pdf, page is rotated 90 degrees>]
<figs/bgFlow2Cat.pdf, id=1905, 605.26125pt x 363.3575pt>
File: figs/bgFlow2Cat.pdf Graphic file (type pdf)

<use figs/bgFlow2Cat.pdf>
Package pdftex.def Info: figs/bgFlow2Cat.pdf used on input line 575.
(pdftex.def)             Requested size: 346.40132pt x 207.95866pt.


LaTeX Warning: `h' float specifier changed to `ht'.

[73 <./figs/BGs/eeee_IA.pdf, page is rotated 90 degrees> <./figs/BGs/mmee_IA.pd
f, page is rotated 90 degrees> <./figs/BGs/mmmm_IA.pdf, page is rotated 90 degr
ees> <./figs/BGs/4l_IA.pdf, page is rotated 90 degrees>] [74 <./figs/BGs/eeee_A
A_highmass.pdf, page is rotated 90 degrees> <./figs/BGs/mmee_AA_highmass.pdf, p
age is rotated 90 degrees> <./figs/BGs/mmmm_AA_highmass.pdf, page is rotated 90
 degrees> <./figs/BGs/4l_AA_highmass.pdf, page is rotated 90 degrees>] [75 <./f
igs/BGs/eeee_IA_highmass.pdf, page is rotated 90 degrees> <./figs/BGs/mmee_IA_h
ighmass.pdf, page is rotated 90 degrees> <./figs/BGs/mmmm_IA_highmass.pdf, page
 is rotated 90 degrees> <./figs/BGs/4l_IA_highmass.pdf, page is rotated 90 degr
ees>] [76 <./figs/bgFlow2Cat.pdf>]
<figs/recovered_fsr.pdf, id=2448, 569.12625pt x 546.04pt>
File: figs/recovered_fsr.pdf Graphic file (type pdf)

<use figs/recovered_fsr.pdf>
Package pdftex.def Info: figs/recovered_fsr.pdf used on input line 631.
(pdftex.def)             Requested size: 216.5pt x 207.7223pt.

<figs/recovered_fsr_all.pdf, id=2449, 569.12625pt x 546.04pt>
File: figs/recovered_fsr_all.pdf Graphic file (type pdf)

<use figs/recovered_fsr_all.pdf>
Package pdftex.def Info: figs/recovered_fsr_all.pdf used on input line 632.
(pdftex.def)             Requested size: 216.5pt x 207.7223pt.


LaTeX Warning: `h' float specifier changed to `ht'.

[77] <figs/angles.pdf, id=2460, 925.4575pt x 844.15375pt>
File: figs/angles.pdf Graphic file (type pdf)

<use figs/angles.pdf>
Package pdftex.def Info: figs/angles.pdf used on input line 680.
(pdftex.def)             Requested size: 259.80264pt x 236.9797pt.


LaTeX Warning: `h' float specifier changed to `ht'.

[78 <./figs/recovered_fsr.pdf, page is rotated 90 degrees> <./figs/recovered_fs
r_all.pdf, page is rotated 90 degrees>] [79 <./figs/angles.pdf>] [80]
<figs/higgs_eff.pdf, id=2574, 569.12625pt x 546.04pt>
File: figs/higgs_eff.pdf Graphic file (type pdf)
 <use figs/higgs_eff.pdf>
Package pdftex.def Info: figs/higgs_eff.pdf used on input line 754.
(pdftex.def)             Requested size: 346.40132pt x 332.36737pt.


LaTeX Warning: `h' float specifier changed to `ht'.

[81] [82 <./figs/higgs_eff.pdf, page is rotated 90 degrees>] [83] [84] [85]

LaTeX Warning: `h' float specifier changed to `ht'.


LaTeX Warning: `h' float specifier changed to `ht'.

) (./results.tex [86] [87] [88

]
Overfull \hbox (7.06734pt too wide) in paragraph at lines 22--40
 [][] 
 []

<figs/results/eeee_mass_highmass.pdf, id=2682, 569.12625pt x 546.04pt>
File: figs/results/eeee_mass_highmass.pdf Graphic file (type pdf)

<use figs/results/eeee_mass_highmass.pdf>
Package pdftex.def Info: figs/results/eeee_mass_highmass.pdf used on input line
 46.
(pdftex.def)             Requested size: 173.19736pt x 166.17119pt.

<figs/results/mmmm_mass_highmass.pdf, id=2683, 569.12625pt x 546.04pt>
File: figs/results/mmmm_mass_highmass.pdf Graphic file (type pdf)

<use figs/results/mmmm_mass_highmass.pdf>
Package pdftex.def Info: figs/results/mmmm_mass_highmass.pdf used on input line
 47.
(pdftex.def)             Requested size: 173.19736pt x 166.17119pt.

<figs/results/eemm_mass_highmass.pdf, id=2684, 569.12625pt x 546.04pt>
File: figs/results/eemm_mass_highmass.pdf Graphic file (type pdf)

<use figs/results/eemm_mass_highmass.pdf>
Package pdftex.def Info: figs/results/eemm_mass_highmass.pdf used on input line
 48.
(pdftex.def)             Requested size: 173.19736pt x 166.17119pt.

<figs/results/4l_mass_highmass.pdf, id=2685, 569.12625pt x 546.04pt>
File: figs/results/4l_mass_highmass.pdf Graphic file (type pdf)

<use figs/results/4l_mass_highmass.pdf>
Package pdftex.def Info: figs/results/4l_mass_highmass.pdf used on input line 4
9.
(pdftex.def)             Requested size: 173.19736pt x 166.17119pt.
 [89

 <./figs/results/eeee_mass_highmass.pdf, page is rotated 90 degrees> <./figs/re
sults/mmmm_mass_highmass.pdf, page is rotated 90 degrees> <./figs/results/eemm_
mass_highmass.pdf, page is rotated 90 degrees> <./figs/results/4l_mass_highmass
.pdf, page is rotated 90 degrees>]
[90] [91] <figs/llll_pt_responseMat.pdf, id=2883, 569.12625pt x 546.04pt>
File: figs/llll_pt_responseMat.pdf Graphic file (type pdf)

<use figs/llll_pt_responseMat.pdf>
Package pdftex.def Info: figs/llll_pt_responseMat.pdf used on input line 163.
(pdftex.def)             Requested size: 194.84868pt x 186.94258pt.

<figs/llll_mass_responseMat.pdf, id=2884, 569.12625pt x 546.04pt>
File: figs/llll_mass_responseMat.pdf Graphic file (type pdf)

<use figs/llll_mass_responseMat.pdf>
Package pdftex.def Info: figs/llll_mass_responseMat.pdf used on input line 164.

(pdftex.def)             Requested size: 194.84868pt x 186.94258pt.

<figs/leadingLep_pt_responseMat.pdf, id=2885, 569.12625pt x 546.04pt>
File: figs/leadingLep_pt_responseMat.pdf Graphic file (type pdf)

<use figs/leadingLep_pt_responseMat.pdf>
Package pdftex.def Info: figs/leadingLep_pt_responseMat.pdf used on input line 
165.
(pdftex.def)             Requested size: 194.84868pt x 186.94258pt.

<figs/dPhi_Zs_responseMat.pdf, id=2886, 569.12625pt x 546.04pt>
File: figs/dPhi_Zs_responseMat.pdf Graphic file (type pdf)

<use figs/dPhi_Zs_responseMat.pdf>
Package pdftex.def Info: figs/dPhi_Zs_responseMat.pdf used on input line 166.
(pdftex.def)             Requested size: 194.84868pt x 186.94258pt.


LaTeX Warning: `h' float specifier changed to `ht'.

<figs/dPhi_Zs_comp.pdf, id=2892, 530.60954pt x 436.33014pt>
File: figs/dPhi_Zs_comp.pdf Graphic file (type pdf)

<use figs/dPhi_Zs_comp.pdf>
Package pdftex.def Info: figs/dPhi_Zs_comp.pdf used on input line 205.
(pdftex.def)             Requested size: 346.40132pt x 284.85625pt.


LaTeX Warning: `h' float specifier changed to `ht'.

<figs/unfolded/leadingLep_pt.pdf, id=2893, 569.12625pt x 546.04pt>
File: figs/unfolded/leadingLep_pt.pdf Graphic file (type pdf)

<use figs/unfolded/leadingLep_pt.pdf>
Package pdftex.def Info: figs/unfolded/leadingLep_pt.pdf used on input line 216
.
(pdftex.def)             Requested size: 324.75pt x 311.58763pt.


LaTeX Warning: `h' float specifier changed to `ht'.

<figs/unfolded/llll_pt.pdf, id=2894, 569.12625pt x 546.04pt>
File: figs/unfolded/llll_pt.pdf Graphic file (type pdf)

<use figs/unfolded/llll_pt.pdf>
Package pdftex.def Info: figs/unfolded/llll_pt.pdf used on input line 224.
(pdftex.def)             Requested size: 324.75pt x 311.58763pt.

<figs/unfolded/llll_mass.pdf, id=2895, 569.12625pt x 546.04pt>
File: figs/unfolded/llll_mass.pdf Graphic file (type pdf)

<use figs/unfolded/llll_mass.pdf>
Package pdftex.def Info: figs/unfolded/llll_mass.pdf used on input line 225.
(pdftex.def)             Requested size: 324.75pt x 311.58763pt.


LaTeX Warning: Float too large for page by 46.67525pt on input line 229.


LaTeX Warning: `h' float specifier changed to `ht'.

<figs/unfolded/llll_leadingZpt.pdf, id=2896, 569.12625pt x 546.04pt>
File: figs/unfolded/llll_leadingZpt.pdf Graphic file (type pdf)

<use figs/unfolded/llll_leadingZpt.pdf>
Package pdftex.def Info: figs/unfolded/llll_leadingZpt.pdf used on input line 2
33.
(pdftex.def)             Requested size: 324.75pt x 311.58763pt.

<figs/unfolded/llll_leadingZeta.pdf, id=2897, 569.12625pt x 546.04pt>
File: figs/unfolded/llll_leadingZeta.pdf Graphic file (type pdf)

<use figs/unfolded/llll_leadingZeta.pdf>
Package pdftex.def Info: figs/unfolded/llll_leadingZeta.pdf used on input line 
234.
(pdftex.def)             Requested size: 324.75pt x 311.58763pt.


LaTeX Warning: Float too large for page by 46.67525pt on input line 239.


LaTeX Warning: `h' float specifier changed to `ht'.

<figs/unfolded/dPhi_Zs.pdf, id=2898, 569.12625pt x 546.04pt>
File: figs/unfolded/dPhi_Zs.pdf Graphic file (type pdf)

<use figs/unfolded/dPhi_Zs.pdf>
Package pdftex.def Info: figs/unfolded/dPhi_Zs.pdf used on input line 243.
(pdftex.def)             Requested size: 324.75pt x 311.58763pt.

<figs/unfolded/llll_dR_Z.pdf, id=2899, 569.12625pt x 546.04pt>
File: figs/unfolded/llll_dR_Z.pdf Graphic file (type pdf)

<use figs/unfolded/llll_dR_Z.pdf>
Package pdftex.def Info: figs/unfolded/llll_dR_Z.pdf used on input line 244.
(pdftex.def)             Requested size: 324.75pt x 311.58763pt.


LaTeX Warning: Float too large for page by 46.67525pt on input line 249.


LaTeX Warning: `h' float specifier changed to `ht'.

[92] [93 <./figs/llll_pt_responseMat.pdf, page is rotated 90 degrees> <./figs/l
lll_mass_responseMat.pdf, page is rotated 90 degrees> <./figs/leadingLep_pt_res
ponseMat.pdf, page is rotated 90 degrees> <./figs/dPhi_Zs_responseMat.pdf, page
 is rotated 90 degrees>] [94 <./figs/dPhi_Zs_comp.pdf>] [95 <./figs/unfolded/le
adingLep_pt.pdf, page is rotated 90 degrees>] [96 <./figs/unfolded/llll_pt.pdf,
 page is rotated 90 degrees> <./figs/unfolded/llll_mass.pdf, page is rotated 90
 degrees>] [97 <./figs/unfolded/llll_leadingZpt.pdf, page is rotated 90 degrees
> <./figs/unfolded/llll_leadingZeta.pdf, page is rotated 90 degrees>] [98 <./fi
gs/unfolded/dPhi_Zs.pdf, page is rotated 90 degrees> <./figs/unfolded/llll_dR_Z
.pdf, page is rotated 90 degrees>]
<figs/results/eeee_mass_full.pdf, id=3432, 569.12625pt x 546.04pt>
File: figs/results/eeee_mass_full.pdf Graphic file (type pdf)

<use figs/results/eeee_mass_full.pdf>
Package pdftex.def Info: figs/results/eeee_mass_full.pdf used on input line 285
.
(pdftex.def)             Requested size: 173.19736pt x 166.17119pt.

<figs/results/mmmm_mass_full.pdf, id=3433, 569.12625pt x 546.04pt>
File: figs/results/mmmm_mass_full.pdf Graphic file (type pdf)

<use figs/results/mmmm_mass_full.pdf>
Package pdftex.def Info: figs/results/mmmm_mass_full.pdf used on input line 286
.
(pdftex.def)             Requested size: 173.19736pt x 166.17119pt.

<figs/results/eemm_mass_full.pdf, id=3434, 569.12625pt x 546.04pt>
File: figs/results/eemm_mass_full.pdf Graphic file (type pdf)

<use figs/results/eemm_mass_full.pdf>
Package pdftex.def Info: figs/results/eemm_mass_full.pdf used on input line 287
.
(pdftex.def)             Requested size: 173.19736pt x 166.17119pt.

<figs/results/4l_mass_full.pdf, id=3435, 569.12625pt x 546.04pt>
File: figs/results/4l_mass_full.pdf Graphic file (type pdf)

<use figs/results/4l_mass_full.pdf>
Package pdftex.def Info: figs/results/4l_mass_full.pdf used on input line 288.
(pdftex.def)             Requested size: 173.19736pt x 166.17119pt.


LaTeX Warning: `h' float specifier changed to `ht'.

<figs/results/eeee_mass_low.pdf, id=3436, 569.12625pt x 546.04pt>
File: figs/results/eeee_mass_low.pdf Graphic file (type pdf)

<use figs/results/eeee_mass_low.pdf>
Package pdftex.def Info: figs/results/eeee_mass_low.pdf used on input line 300.

(pdftex.def)             Requested size: 173.19736pt x 166.17119pt.

<figs/results/mmmm_mass_low.pdf, id=3437, 569.12625pt x 546.04pt>
File: figs/results/mmmm_mass_low.pdf Graphic file (type pdf)

<use figs/results/mmmm_mass_low.pdf>
Package pdftex.def Info: figs/results/mmmm_mass_low.pdf used on input line 301.

(pdftex.def)             Requested size: 173.19736pt x 166.17119pt.

<figs/results/eemm_mass_low.pdf, id=3438, 569.12625pt x 546.04pt>
File: figs/results/eemm_mass_low.pdf Graphic file (type pdf)

<use figs/results/eemm_mass_low.pdf>
Package pdftex.def Info: figs/results/eemm_mass_low.pdf used on input line 302.

(pdftex.def)             Requested size: 173.19736pt x 166.17119pt.

<figs/results/4l_mass_low.pdf, id=3439, 569.12625pt x 546.04pt>
File: figs/results/4l_mass_low.pdf Graphic file (type pdf)

<use figs/results/4l_mass_low.pdf>
Package pdftex.def Info: figs/results/4l_mass_low.pdf used on input line 303.
(pdftex.def)             Requested size: 173.19736pt x 166.17119pt.


LaTeX Warning: `h' float specifier changed to `ht'.

[99

] [100 <./figs/results/eeee_mass_full.pdf, page is rotated 90 degrees> <./figs/
results/mmmm_mass_full.pdf, page is rotated 90 degrees> <./figs/results/eemm_ma
ss_full.pdf, page is rotated 90 degrees> <./figs/results/4l_mass_full.pdf, page
 is rotated 90 degrees>] [101 <./figs/results/eeee_mass_low.pdf, page is rotate
d 90 degrees> <./figs/results/mmmm_mass_low.pdf, page is rotated 90 degrees> <.
/figs/results/eemm_mass_low.pdf, page is rotated 90 degrees> <./figs/results/4l
_mass_low.pdf, page is rotated 90 degrees>]
<figs/results/higgs_limits_full.pdf, id=3808, 825.0825pt x 569.12625pt>
File: figs/results/higgs_limits_full.pdf Graphic file (type pdf)

<use figs/results/higgs_limits_full.pdf>
Package pdftex.def Info: figs/results/higgs_limits_full.pdf used on input line 
366.
(pdftex.def)             Requested size: 194.84868pt x 134.396pt.

<figs/results/higgs_limits_low.pdf, id=3809, 825.0825pt x 569.12625pt>
File: figs/results/higgs_limits_low.pdf Graphic file (type pdf)

<use figs/results/higgs_limits_low.pdf>
Package pdftex.def Info: figs/results/higgs_limits_low.pdf used on input line 3
67.
(pdftex.def)             Requested size: 194.84868pt x 134.396pt.

<figs/results/pvals_full.pdf, id=3810, 569.12625pt x 552.0625pt>
File: figs/results/pvals_full.pdf Graphic file (type pdf)

<use figs/results/pvals_full.pdf>
Package pdftex.def Info: figs/results/pvals_full.pdf used on input line 376.
(pdftex.def)             Requested size: 194.84868pt x 189.00444pt.

<figs/results/pvals_low.pdf, id=3811, 569.12625pt x 552.0625pt>
File: figs/results/pvals_low.pdf Graphic file (type pdf)

<use figs/results/pvals_low.pdf>
Package pdftex.def Info: figs/results/pvals_low.pdf used on input line 377.
(pdftex.def)             Requested size: 194.84868pt x 189.00444pt.
 [102 <./figs/results/higgs_limits_full.pdf, page is rotated 90 degrees> <./fig
s/results/higgs_limits_low.pdf, page is rotated 90 degrees> <./figs/results/pva
ls_full.pdf, page is rotated 90 degrees> <./figs/results/pvals_low.pdf, page is
 rotated 90 degrees>]
<figs/contCanvas_fakeData.pdf, id=3990, 569.12625pt x 475.7775pt>
File: figs/contCanvas_fakeData.pdf Graphic file (type pdf)

<use figs/contCanvas_fakeData.pdf>
Package pdftex.def Info: figs/contCanvas_fakeData.pdf used on input line 411.
(pdftex.def)             Requested size: 346.40132pt x 289.5995pt.


LaTeX Warning: `h' float specifier changed to `ht'.

<figs/sherpa_powheg_comp.pdf, id=3992, 569.12625pt x 546.04pt>
File: figs/sherpa_powheg_comp.pdf Graphic file (type pdf)

<use figs/sherpa_powheg_comp.pdf>
Package pdftex.def Info: figs/sherpa_powheg_comp.pdf used on input line 430.
(pdftex.def)             Requested size: 346.40132pt x 332.36737pt.
 [103

]

LaTeX Warning: `h' float specifier changed to `ht'.

<figs/results/lim_f4z_f4g.pdf, id=4000, 569.12625pt x 541.02126pt>
File: figs/results/lim_f4z_f4g.pdf Graphic file (type pdf)

<use figs/results/lim_f4z_f4g.pdf>
Package pdftex.def Info: figs/results/lim_f4z_f4g.pdf used on input line 451.
(pdftex.def)             Requested size: 194.84868pt x 185.22437pt.

<figs/results/lim_f5z_f5g.pdf, id=4001, 569.12625pt x 541.02126pt>
File: figs/results/lim_f5z_f5g.pdf Graphic file (type pdf)

<use figs/results/lim_f5z_f5g.pdf>
Package pdftex.def Info: figs/results/lim_f5z_f5g.pdf used on input line 452.
(pdftex.def)             Requested size: 194.84868pt x 185.22437pt.


LaTeX Warning: `h' float specifier changed to `ht'.


LaTeX Warning: `h' float specifier changed to `ht'.

[104 <./figs/contCanvas_fakeData.pdf, page is rotated 90 degrees>] [105 <./figs
/sherpa_powheg_comp.pdf, page is rotated 90 degrees>] [106 <./figs/results/lim_
f4z_f4g.pdf, page is rotated 90 degrees> <./figs/results/lim_f5z_f5g.pdf, page 
is rotated 90 degrees>]) (./conclusions.tex [107


]) (./thesis.bbl [108]
bibitemlist

Underfull \hbox (badness 1168) in paragraph at lines 15--18
[]\OT1/cmr/m/n/12 Peter W. Higgs.  Bro-ken sym-me-tries and the masses of gauge
 bosons.
 []

[109

]
Missing character: There is no  in font cmr12!
Missing character: There is no  in font cmr12!
Missing character: There is no  in font cmr12!
Missing character: There is no  in font cmr12!
Missing character: There is no  in font cmr12!
Missing character: There is no  in font cmr12!
 [110]
Underfull \hbox (badness 1715) in paragraph at lines 152--161
[]\OT1/cmr/m/n/12 M W Grunewald.  Pre-ci-sion elec-troweak mea-sure-ments and c
on-straints
 []


Underfull \hbox (badness 1552) in paragraph at lines 152--161
\OT1/cmr/m/n/12 on the stan-dard model.  Tech-ni-cal Re-port arXiv:1012.2367. C
ERN-PH-
 []


Underfull \hbox (badness 2818) in paragraph at lines 152--161
\OT1/cmr/m/n/12 2010-01. ALEPH-2010-001-PHYSICS-2010-001. CDF-Note-10338. DELPH
I-
 []

[111]
Missing character: There is no  in font cmr12!
Missing character: There is no  in font cmr12!
 [112]
Missing character: There is no  in font cmr12!
Missing character: There is no  in font cmr12!
Missing character: There is no  in font cmr12!
Missing character: There is no  in font cmr12!
Missing character: There is no  in font cmr12!
Missing character: There is no  in font cmr12!
Missing character: There is no  in font cmr12!
Missing character: There is no  in font cmr12!
 [113]
Missing character: There is no  in font cmr12!
Missing character: There is no  in font cmr12!
 [114]
Missing character: There is no  in font cmr12!
Missing character: There is no  in font cmr12!
Missing character: There is no  in font cmr12!
Missing character: There is no  in font cmr12!
Missing character: There is no  in font cmr12!
Missing character: There is no  in font cmr12!
Missing character: There is no  in font cmr12!
Missing character: There is no  in font cmr12!
Missing character: There is no  in font cmr12!
LaTeX Font Info:    Try loading font information for OMS+cmr on input line 408.


(/usr/local/texlive/2011/texmf-dist/tex/latex/base/omscmr.fd
File: omscmr.fd 1999/05/25 v2.5h Standard LaTeX font definitions
)
LaTeX Font Info:    Font shape `OMS/cmr/m/n' in size <12> not available
(Font)              Font shape `OMS/cmsy/m/n' tried instead on input line 408.
Missing character: There is no  in font cmr12!
Missing character: There is no  in font cmr12!
Missing character: There is no  in font cmr12!

Underfull \hbox (badness 1596) in paragraph at lines 407--414
\OMS/cmsy/m/n/12 f\OT1/cmr/m/n/12 LHC\OMS/cmsy/m/n/12 g\OT1/cmr/m/n/12 .  \OT1/
cmr/m/it/12 Nu-clear Physics B - Pro-ceed-ings Sup-ple-ments\OT1/cmr/m/n/12 , 2
05206(0):10 --
 []


Underfull \hbox (badness 1365) in paragraph at lines 407--414
\OT1/cmr/m/n/12 15, 2010.  <ce:title>Loops and Legs in Quan-tum Field The-ory</
ce:title>
 []

[115]) [116]
\tf@toc=\write6
\openout6 = `thesis.toc'.

\tf@lof=\write7
\openout7 = `thesis.lof'.

\tf@lot=\write8
\openout8 = `thesis.lot'.

Package atveryend Info: Empty hook `BeforeClearDocument' on input line 148.
Package atveryend Info: Empty hook `AfterLastShipout' on input line 148.
 (./thesis.aux)
Package atveryend Info: Executing hook `AtVeryEndDocument' on input line 148.
Package atveryend Info: Executing hook `AtEndAfterFileList' on input line 148.
Package rerunfilecheck Info: File `thesis.out' has not changed.
(rerunfilecheck)             Checksum: 567B166DC84A697E179D3E0FDE944495;5328.


LaTeX Warning: There were undefined references.


LaTeX Warning: There were multiply-defined labels.

Package atveryend Info: Empty hook `AtVeryVeryEnd' on input line 148.
 ) 
Here is how much of TeX's memory you used:
 11887 strings out of 493633
 173872 string characters out of 3143378
 301503 words of memory out of 3000000
 14552 multiletter control sequences out of 15000+200000
 14302 words of font info for 50 fonts, out of 3000000 for 9000
 831 hyphenation exceptions out of 8191
 38i,22n,38p,400b,528s stack positions out of 5000i,500n,10000p,200000b,50000s
{/usr/local/texlive/2011/texmf-dist/fonts/enc/dvips/cm-super/cm-super-ts1.enc
}</usr/local/texlive/2011/texmf-dist/fonts/type1/public/amsfonts/cm/cmbx12.pfb>
</usr/local/texlive/2011/texmf-dist/fonts/type1/public/amsfonts/cm/cmbxti10.pfb
></usr/local/texlive/2011/texmf-dist/fonts/type1/public/amsfonts/cm/cmcsc10.pfb
></usr/local/texlive/2011/texmf-dist/fonts/type1/public/amsfonts/cm/cmex10.pfb>
</usr/local/texlive/2011/texmf-dist/fonts/type1/public/amsfonts/cm/cmmi10.pfb><
/usr/local/texlive/2011/texmf-dist/fonts/type1/public/amsfonts/cm/cmmi12.pfb></
usr/local/texlive/2011/texmf-dist/fonts/type1/public/amsfonts/cm/cmmi5.pfb></us
r/local/texlive/2011/texmf-dist/fonts/type1/public/amsfonts/cm/cmmi6.pfb></usr/
local/texlive/2011/texmf-dist/fonts/type1/public/amsfonts/cm/cmmi7.pfb></usr/lo
cal/texlive/2011/texmf-dist/fonts/type1/public/amsfonts/cm/cmmi8.pfb></usr/loca
l/texlive/2011/texmf-dist/fonts/type1/public/amsfonts/cm/cmr10.pfb></usr/local/
texlive/2011/texmf-dist/fonts/type1/public/amsfonts/cm/cmr12.pfb></usr/local/te
xlive/2011/texmf-dist/fonts/type1/public/amsfonts/cm/cmr5.pfb></usr/local/texli
ve/2011/texmf-dist/fonts/type1/public/amsfonts/cm/cmr6.pfb></usr/local/texlive/
2011/texmf-dist/fonts/type1/public/amsfonts/cm/cmr7.pfb></usr/local/texlive/201
1/texmf-dist/fonts/type1/public/amsfonts/cm/cmr8.pfb></usr/local/texlive/2011/t
exmf-dist/fonts/type1/public/amsfonts/cm/cmsy10.pfb></usr/local/texlive/2011/te
xmf-dist/fonts/type1/public/amsfonts/cm/cmsy6.pfb></usr/local/texlive/2011/texm
f-dist/fonts/type1/public/amsfonts/cm/cmsy7.pfb></usr/local/texlive/2011/texmf-
dist/fonts/type1/public/amsfonts/cm/cmsy8.pfb></usr/local/texlive/2011/texmf-di
st/fonts/type1/public/amsfonts/cm/cmti10.pfb></usr/local/texlive/2011/texmf-dis
t/fonts/type1/public/amsfonts/cm/cmti12.pfb></usr/local/texlive/2011/texmf-dist
/fonts/type1/public/amsfonts/cm/cmti8.pfb></usr/local/texlive/2011/texmf-dist/f
onts/type1/public/cm-super/sfrm1200.pfb>
Output written on thesis.pdf (128 pages, 6631026 bytes).
PDF statistics:
 4393 PDF objects out of 5155 (max. 8388607)
 2665 compressed objects within 27 object streams
 395 named destinations out of 1000 (max. 500000)
 1005 words of extra memory for PDF output out of 10000 (max. 10000000)

